<?xml version="1.0" encoding="UTF-8"?>
<testsuite xmlns:xsi="http://www.w3.org/2001/XMLSchema-instance" xsi:noNamespaceSchemaLocation="https://maven.apache.org/surefire/maven-surefire-plugin/xsd/surefire-test-report-3.0.xsd" version="3.0" name="com.lacteos.pruebas.AppTest" time="0.103" tests="1" errors="0" skipped="0" failures="0">
  <properties>
    <property name="sun.desktop" value="windows"/>
    <property name="awt.toolkit" value="sun.awt.windows.WToolkit"/>
    <property name="file.encoding.pkg" value="sun.io"/>
    <property name="java.specification.version" value="1.8"/>
    <property name="sun.cpu.isalist" value="amd64"/>
    <property name="sun.jnu.encoding" value="Cp1252"/>
    <property name="java.class.path" value="C:\Users\MarianaLozano\pruebas-srp\target\test-classes;C:\Users\MarianaLozano\pruebas-srp\target\classes;C:\Users\MarianaLozano\.m2\repository\junit\junit\4.13.2\junit-4.13.2.jar;C:\Users\MarianaLozano\.m2\repository\org\hamcrest\hamcrest-core\1.3\hamcrest-core-1.3.jar;C:\Users\MarianaLozano\.m2\repository\org\apache\jmeter\ApacheJMeter_core\5.6.2\ApacheJMeter_core-5.6.2.jar;C:\Users\MarianaLozano\.m2\repository\org\apache\jmeter\ApacheJMeter\5.6.2\ApacheJMeter-5.6.2.jar;C:\Users\MarianaLozano\.m2\repository\org\apache\jmeter\jorphan\5.6.2\jorphan-5.6.2.jar;C:\Users\MarianaLozano\.m2\repository\org\slf4j\slf4j-api\1.7.36\slf4j-api-1.7.36.jar;C:\Users\MarianaLozano\.m2\repository\bsf\bsf\2.4.0\bsf-2.4.0.jar;C:\Users\MarianaLozano\.m2\repository\commons-logging\commons-logging\1.0.4\commons-logging-1.0.4.jar;C:\Users\MarianaLozano\.m2\repository\com\fifesoft\rsyntaxtextarea\3.3.3\rsyntaxtextarea-3.3.3.jar;C:\Users\MarianaLozano\.m2\repository\net\sf\jtidy\jtidy\r938\jtidy-r938.jar;C:\Users\MarianaLozano\.m2\repository\com\thoughtworks\xstream\xstream\1.4.20\xstream-1.4.20.jar;C:\Users\MarianaLozano\.m2\repository\io\github\x-stream\mxparser\1.2.2\mxparser-1.2.2.jar;C:\Users\MarianaLozano\.m2\repository\xmlpull\xmlpull\1.1.3.1\xmlpull-1.1.3.1.jar;C:\Users\MarianaLozano\.m2\repository\org\apache\logging\log4j\log4j-1.2-api\2.20.0\log4j-1.2-api-2.20.0.jar;C:\Users\MarianaLozano\.m2\repository\org\apache\logging\log4j\log4j-api\2.20.0\log4j-api-2.20.0.jar;C:\Users\MarianaLozano\.m2\repository\org\apache\logging\log4j\log4j-slf4j-impl\2.20.0\log4j-slf4j-impl-2.20.0.jar;C:\Users\MarianaLozano\.m2\repository\org\apiguardian\apiguardian-api\1.1.2\apiguardian-api-1.1.2.jar;C:\Users\MarianaLozano\.m2\repository\oro\oro\2.0.8\oro-2.0.8.jar;C:\Users\MarianaLozano\.m2\repository\xalan\xalan\2.7.3\xalan-2.7.3.jar;C:\Users\MarianaLozano\.m2\repository\xalan\serializer\2.7.3\serializer-2.7.3.jar;C:\Users\MarianaLozano\.m2\repository\xml-apis\xml-apis\1.4.01\xml-apis-1.4.01.jar;C:\Users\MarianaLozano\.m2\repository\net\sf\saxon\Saxon-HE\11.5\Saxon-HE-11.5.jar;C:\Users\MarianaLozano\.m2\repository\org\xmlresolver\xmlresolver\4.6.4\xmlresolver-4.6.4.jar;C:\Users\MarianaLozano\.m2\repository\org\apache\httpcomponents\client5\httpclient5\5.1.3\httpclient5-5.1.3.jar;C:\Users\MarianaLozano\.m2\repository\org\apache\httpcomponents\core5\httpcore5-h2\5.1.3\httpcore5-h2-5.1.3.jar;C:\Users\MarianaLozano\.m2\repository\org\apache\httpcomponents\core5\httpcore5\5.1.3\httpcore5-5.1.3.jar;C:\Users\MarianaLozano\.m2\repository\org\xmlresolver\xmlresolver\4.6.4\xmlresolver-4.6.4-data.jar;C:\Users\MarianaLozano\.m2\repository\org\jetbrains\kotlin\kotlin-stdlib-jdk8\1.8.22\kotlin-stdlib-jdk8-1.8.22.jar;C:\Users\MarianaLozano\.m2\repository\org\jetbrains\kotlin\kotlin-stdlib\1.8.22\kotlin-stdlib-1.8.22.jar;C:\Users\MarianaLozano\.m2\repository\org\jetbrains\kotlin\kotlin-stdlib-jdk7\1.8.22\kotlin-stdlib-jdk7-1.8.22.jar;C:\Users\MarianaLozano\.m2\repository\com\google\auto\service\auto-service-annotations\1.1.1\auto-service-annotations-1.1.1.jar;C:\Users\MarianaLozano\.m2\repository\org\jetbrains\kotlinx\kotlinx-coroutines-core\1.7.1\kotlinx-coroutines-core-1.7.1.jar;C:\Users\MarianaLozano\.m2\repository\org\jetbrains\kotlinx\kotlinx-coroutines-core-jvm\1.7.1\kotlinx-coroutines-core-jvm-1.7.1.jar;C:\Users\MarianaLozano\.m2\repository\org\jetbrains\kotlinx\kotlinx-coroutines-swing\1.7.1\kotlinx-coroutines-swing-1.7.1.jar;C:\Users\MarianaLozano\.m2\repository\com\fasterxml\jackson\core\jackson-annotations\2.15.2\jackson-annotations-2.15.2.jar;C:\Users\MarianaLozano\.m2\repository\com\fasterxml\jackson\core\jackson-core\2.15.2\jackson-core-2.15.2.jar;C:\Users\MarianaLozano\.m2\repository\com\fasterxml\jackson\core\jackson-databind\2.15.2\jackson-databind-2.15.2.jar;C:\Users\MarianaLozano\.m2\repository\com\formdev\svgSalamander\1.1.4\svgSalamander-1.1.4.jar;C:\Users\MarianaLozano\.m2\repository\com\github\ben-manes\caffeine\caffeine\2.9.3\caffeine-2.9.3.jar;C:\Users\MarianaLozano\.m2\repository\org\checkerframework\checker-qual\3.19.0\checker-qual-3.19.0.jar;C:\Users\MarianaLozano\.m2\repository\com\google\errorprone\error_prone_annotations\2.10.0\error_prone_annotations-2.10.0.jar;C:\Users\MarianaLozano\.m2\repository\com\github\weisj\darklaf-core\2.7.3\darklaf-core-2.7.3.jar;C:\Users\MarianaLozano\.m2\repository\com\github\weisj\darklaf-utils\2.7.3\darklaf-utils-2.7.3.jar;C:\Users\MarianaLozano\.m2\repository\com\github\weisj\darklaf-native-utils\2.7.3\darklaf-native-utils-2.7.3.jar;C:\Users\MarianaLozano\.m2\repository\com\github\weisj\darklaf-platform-base\2.7.3\darklaf-platform-base-2.7.3.jar;C:\Users\MarianaLozano\.m2\repository\com\github\weisj\darklaf-windows\2.7.3\darklaf-windows-2.7.3.jar;C:\Users\MarianaLozano\.m2\repository\com\github\weisj\darklaf-macos\2.7.3\darklaf-macos-2.7.3.jar;C:\Users\MarianaLozano\.m2\repository\com\github\weisj\swing-extensions-laf-support\0.1.3\swing-extensions-laf-support-0.1.3.jar;C:\Users\MarianaLozano\.m2\repository\com\github\weisj\darklaf-theme\2.7.3\darklaf-theme-2.7.3.jar;C:\Users\MarianaLozano\.m2\repository\com\github\weisj\darklaf-property-loader\2.7.3\darklaf-property-loader-2.7.3.jar;C:\Users\MarianaLozano\.m2\repository\com\github\weisj\swing-extensions-visual-padding\0.1.3\swing-extensions-visual-padding-0.1.3.jar;C:\Users\MarianaLozano\.m2\repository\org\jetbrains\annotations\16.0.2\annotations-16.0.2.jar;C:\Users\MarianaLozano\.m2\repository\com\github\weisj\darklaf-extensions-rsyntaxarea\0.3.4\darklaf-extensions-rsyntaxarea-0.3.4.jar;C:\Users\MarianaLozano\.m2\repository\com\miglayout\miglayout-swing\5.3\miglayout-swing-5.3.jar;C:\Users\MarianaLozano\.m2\repository\com\miglayout\miglayout-core\5.3\miglayout-core-5.3.jar;C:\Users\MarianaLozano\.m2\repository\commons-codec\commons-codec\1.15\commons-codec-1.15.jar;C:\Users\MarianaLozano\.m2\repository\org\jetbrains\lets-plot\lets-plot-batik\3.2.0\lets-plot-batik-3.2.0.jar;C:\Users\MarianaLozano\.m2\repository\org\apache\xmlgraphics\batik-codec\1.16\batik-codec-1.16.jar;C:\Users\MarianaLozano\.m2\repository\org\apache\xmlgraphics\batik-awt-util\1.16\batik-awt-util-1.16.jar;C:\Users\MarianaLozano\.m2\repository\org\apache\xmlgraphics\batik-bridge\1.16\batik-bridge-1.16.jar;C:\Users\MarianaLozano\.m2\repository\org\apache\xmlgraphics\batik-anim\1.16\batik-anim-1.16.jar;C:\Users\MarianaLozano\.m2\repository\org\apache\xmlgraphics\batik-ext\1.16\batik-ext-1.16.jar;C:\Users\MarianaLozano\.m2\repository\org\apache\xmlgraphics\batik-css\1.16\batik-css-1.16.jar;C:\Users\MarianaLozano\.m2\repository\org\apache\xmlgraphics\batik-dom\1.16\batik-dom-1.16.jar;C:\Users\MarianaLozano\.m2\repository\org\apache\xmlgraphics\batik-gvt\1.16\batik-gvt-1.16.jar;C:\Users\MarianaLozano\.m2\repository\org\apache\xmlgraphics\batik-parser\1.16\batik-parser-1.16.jar;C:\Users\MarianaLozano\.m2\repository\org\apache\xmlgraphics\batik-script\1.16\batik-script-1.16.jar;C:\Users\MarianaLozano\.m2\repository\org\apache\xmlgraphics\batik-svg-dom\1.16\batik-svg-dom-1.16.jar;C:\Users\MarianaLozano\.m2\repository\org\apache\xmlgraphics\batik-xml\1.16\batik-xml-1.16.jar;C:\Users\MarianaLozano\.m2\repository\xml-apis\xml-apis-ext\1.3.04\xml-apis-ext-1.3.04.jar;C:\Users\MarianaLozano\.m2\repository\org\apache\xmlgraphics\batik-shared-resources\1.16\batik-shared-resources-1.16.jar;C:\Users\MarianaLozano\.m2\repository\org\apache\xmlgraphics\batik-transcoder\1.16\batik-transcoder-1.16.jar;C:\Users\MarianaLozano\.m2\repository\org\apache\xmlgraphics\batik-svggen\1.16\batik-svggen-1.16.jar;C:\Users\MarianaLozano\.m2\repository\org\apache\xmlgraphics\batik-util\1.16\batik-util-1.16.jar;C:\Users\MarianaLozano\.m2\repository\org\apache\xmlgraphics\batik-constants\1.16\batik-constants-1.16.jar;C:\Users\MarianaLozano\.m2\repository\org\apache\xmlgraphics\batik-i18n\1.16\batik-i18n-1.16.jar;C:\Users\MarianaLozano\.m2\repository\org\jetbrains\lets-plot\lets-plot-common\3.2.0\lets-plot-common-3.2.0.jar;C:\Users\MarianaLozano\.m2\repository\io\github\microutils\kotlin-logging\2.0.5\kotlin-logging-2.0.5.jar;C:\Users\MarianaLozano\.m2\repository\org\jetbrains\kotlinx\kotlinx-html-jvm\0.7.3\kotlinx-html-jvm-0.7.3.jar;C:\Users\MarianaLozano\.m2\repository\org\jetbrains\lets-plot\lets-plot-kotlin-jvm\4.4.1\lets-plot-kotlin-jvm-4.4.1.jar;C:\Users\MarianaLozano\.m2\repository\org\jetbrains\lets-plot\base-portable-jvm\3.2.0\base-portable-jvm-3.2.0.jar;C:\Users\MarianaLozano\.m2\repository\org\jetbrains\lets-plot\plot-base-portable-jvm\3.2.0\plot-base-portable-jvm-3.2.0.jar;C:\Users\MarianaLozano\.m2\repository\org\jetbrains\lets-plot\vis-svg-portable-jvm\3.2.0\vis-svg-portable-jvm-3.2.0.jar;C:\Users\MarianaLozano\.m2\repository\org\jetbrains\lets-plot\plot-common-portable-jvm\3.2.0\plot-common-portable-jvm-3.2.0.jar;C:\Users\MarianaLozano\.m2\repository\org\jetbrains\lets-plot\plot-builder-portable-jvm\3.2.0\plot-builder-portable-jvm-3.2.0.jar;C:\Users\MarianaLozano\.m2\repository\org\jetbrains\lets-plot\plot-config-portable-jvm\3.2.0\plot-config-portable-jvm-3.2.0.jar;C:\Users\MarianaLozano\.m2\repository\org\jetbrains\kotlin\kotlin-stdlib-common\1.7.21\kotlin-stdlib-common-1.7.21.jar;C:\Users\MarianaLozano\.m2\repository\io\github\microutils\kotlin-logging-jvm\2.0.5\kotlin-logging-jvm-2.0.5.jar;C:\Users\MarianaLozano\.m2\repository\org\apache\commons\commons-collections4\4.4\commons-collections4-4.4.jar;C:\Users\MarianaLozano\.m2\repository\org\apache\commons\commons-math3\3.6.1\commons-math3-3.6.1.jar;C:\Users\MarianaLozano\.m2\repository\org\apache\commons\commons-text\1.10.0\commons-text-1.10.0.jar;C:\Users\MarianaLozano\.m2\repository\org\apache\tika\tika-core\1.28.5\tika-core-1.28.5.jar;C:\Users\MarianaLozano\.m2\repository\org\apache\xmlgraphics\xmlgraphics-commons\2.8\xmlgraphics-commons-2.8.jar;C:\Users\MarianaLozano\.m2\repository\org\freemarker\freemarker\2.3.32\freemarker-2.3.32.jar;C:\Users\MarianaLozano\.m2\repository\org\jodd\jodd-core\5.0.13\jodd-core-5.0.13.jar;C:\Users\MarianaLozano\.m2\repository\org\jodd\jodd-props\5.0.13\jodd-props-5.0.13.jar;C:\Users\MarianaLozano\.m2\repository\org\mozilla\rhino\1.7.14\rhino-1.7.14.jar;C:\Users\MarianaLozano\.m2\repository\org\slf4j\jcl-over-slf4j\1.7.36\jcl-over-slf4j-1.7.36.jar;C:\Users\MarianaLozano\.m2\repository\org\codehaus\groovy\groovy\3.0.17\groovy-3.0.17.jar;C:\Users\MarianaLozano\.m2\repository\org\codehaus\groovy\groovy-dateutil\3.0.17\groovy-dateutil-3.0.17.jar;C:\Users\MarianaLozano\.m2\repository\org\codehaus\groovy\groovy-datetime\3.0.17\groovy-datetime-3.0.17.jar;C:\Users\MarianaLozano\.m2\repository\org\codehaus\groovy\groovy-jmx\3.0.17\groovy-jmx-3.0.17.jar;C:\Users\MarianaLozano\.m2\repository\org\codehaus\groovy\groovy-json\3.0.17\groovy-json-3.0.17.jar;C:\Users\MarianaLozano\.m2\repository\org\codehaus\groovy\groovy-jsr223\3.0.17\groovy-jsr223-3.0.17.jar;C:\Users\MarianaLozano\.m2\repository\org\codehaus\groovy\groovy-sql\3.0.17\groovy-sql-3.0.17.jar;C:\Users\MarianaLozano\.m2\repository\org\codehaus\groovy\groovy-templates\3.0.17\groovy-templates-3.0.17.jar;C:\Users\MarianaLozano\.m2\repository\org\codehaus\groovy\groovy-xml\3.0.17\groovy-xml-3.0.17.jar;C:\Users\MarianaLozano\.m2\repository\commons-collections\commons-collections\3.2.2\commons-collections-3.2.2.jar;C:\Users\MarianaLozano\.m2\repository\org\apache\tika\tika-parsers\1.28.5\tika-parsers-1.28.5.jar;C:\Users\MarianaLozano\.m2\repository\xerces\xercesImpl\2.12.2\xercesImpl-2.12.2.jar;C:\Users\MarianaLozano\.m2\repository\org\apache\jmeter\ApacheJMeter_java\5.6.2\ApacheJMeter_java-5.6.2.jar;C:\Users\MarianaLozano\.m2\repository\org\apache\commons\commons-lang3\3.12.0\commons-lang3-3.12.0.jar;C:\Users\MarianaLozano\.m2\repository\commons-io\commons-io\2.12.0\commons-io-2.12.0.jar;C:\Users\MarianaLozano\.m2\repository\org\apache\jmeter\ApacheJMeter_http\5.6.2\ApacheJMeter_http-5.6.2.jar;C:\Users\MarianaLozano\.m2\repository\org\apache\jmeter\ApacheJMeter_components\5.6.2\ApacheJMeter_components-5.6.2.jar;C:\Users\MarianaLozano\.m2\repository\org\apache-extras\beanshell\bsh\2.0b6\bsh-2.0b6.jar;C:\Users\MarianaLozano\.m2\repository\javax\mail\mail\1.5.0-b01\mail-1.5.0-b01.jar;C:\Users\MarianaLozano\.m2\repository\io\burt\jmespath-core\0.5.1\jmespath-core-0.5.1.jar;C:\Users\MarianaLozano\.m2\repository\io\burt\jmespath-jackson\0.5.1\jmespath-jackson-0.5.1.jar;C:\Users\MarianaLozano\.m2\repository\jcharts\jcharts\0.7.5\jcharts-0.7.5.jar;C:\Users\MarianaLozano\.m2\repository\net\minidev\json-smart\2.4.11\json-smart-2.4.11.jar;C:\Users\MarianaLozano\.m2\repository\net\minidev\accessors-smart\2.4.11\accessors-smart-2.4.11.jar;C:\Users\MarianaLozano\.m2\repository\org\apache\commons\commons-pool2\2.11.1\commons-pool2-2.11.1.jar;C:\Users\MarianaLozano\.m2\repository\org\ow2\asm\asm\9.5\asm-9.5.jar;C:\Users\MarianaLozano\.m2\repository\com\jayway\jsonpath\json-path\2.8.0\json-path-2.8.0.jar;C:\Users\MarianaLozano\.m2\repository\org\apache\httpcomponents\httpasyncclient\4.1.5\httpasyncclient-4.1.5.jar;C:\Users\MarianaLozano\.m2\repository\org\apache\httpcomponents\httpcore-nio\4.4.16\httpcore-nio-4.4.16.jar;C:\Users\MarianaLozano\.m2\repository\com\sun\activation\javax.activation\1.2.0\javax.activation-1.2.0.jar;C:\Users\MarianaLozano\.m2\repository\org\jodd\jodd-lagarto\5.0.13\jodd-lagarto-5.0.13.jar;C:\Users\MarianaLozano\.m2\repository\org\jodd\jodd-log\5.0.13\jodd-log-5.0.13.jar;C:\Users\MarianaLozano\.m2\repository\org\jsoup\jsoup\1.16.1\jsoup-1.16.1.jar;C:\Users\MarianaLozano\.m2\repository\commons-net\commons-net\3.9.0\commons-net-3.9.0.jar;C:\Users\MarianaLozano\.m2\repository\com\helger\commons\ph-commons\10.2.5\ph-commons-10.2.5.jar;C:\Users\MarianaLozano\.m2\repository\com\helger\ph-css\6.5.0\ph-css-6.5.0.jar;C:\Users\MarianaLozano\.m2\repository\dnsjava\dnsjava\2.1.9\dnsjava-2.1.9.jar;C:\Users\MarianaLozano\.m2\repository\org\apache\httpcomponents\httpmime\4.5.14\httpmime-4.5.14.jar;C:\Users\MarianaLozano\.m2\repository\org\apache\httpcomponents\httpclient\4.5.14\httpclient-4.5.14.jar;C:\Users\MarianaLozano\.m2\repository\org\apache\httpcomponents\httpcore\4.4.16\httpcore-4.4.16.jar;C:\Users\MarianaLozano\.m2\repository\org\brotli\dec\0.1.2\dec-0.1.2.jar;C:\Users\MarianaLozano\.m2\repository\org\apache\logging\log4j\log4j-core\2.17.2\log4j-core-2.17.2.jar;"/>
    <property name="java.vm.vendor" value="Oracle Corporation"/>
    <property name="sun.arch.data.model" value="64"/>
    <property name="user.variant" value=""/>
    <property name="java.vendor.url" value="http://java.oracle.com/"/>
    <property name="user.timezone" value="America/Bogota"/>
    <property name="java.vm.specification.version" value="1.8"/>
    <property name="os.name" value="Windows 10"/>
    <property name="user.country" value="US"/>
    <property name="sun.java.launcher" value="SUN_STANDARD"/>
    <property name="sun.boot.library.path" value="C:\Program Files\Java\jdk1.8.0_202\jre\bin"/>
    <property name="sun.java.command" value="C:\Users\MarianaLozano\AppData\Local\Temp\surefire4461638786991528874\surefirebooter-20241130144417146_3.jar C:\Users\MarianaLozano\AppData\Local\Temp\surefire4461638786991528874 2024-11-30T14-44-16_985-jvmRun1 surefire-20241130144417146_1tmp surefire_0-20241130144417146_2tmp"/>
    <property name="surefire.test.class.path" value="C:\Users\MarianaLozano\pruebas-srp\target\test-classes;C:\Users\MarianaLozano\pruebas-srp\target\classes;C:\Users\MarianaLozano\.m2\repository\junit\junit\4.13.2\junit-4.13.2.jar;C:\Users\MarianaLozano\.m2\repository\org\hamcrest\hamcrest-core\1.3\hamcrest-core-1.3.jar;C:\Users\MarianaLozano\.m2\repository\org\apache\jmeter\ApacheJMeter_core\5.6.2\ApacheJMeter_core-5.6.2.jar;C:\Users\MarianaLozano\.m2\repository\org\apache\jmeter\ApacheJMeter\5.6.2\ApacheJMeter-5.6.2.jar;C:\Users\MarianaLozano\.m2\repository\org\apache\jmeter\jorphan\5.6.2\jorphan-5.6.2.jar;C:\Users\MarianaLozano\.m2\repository\org\slf4j\slf4j-api\1.7.36\slf4j-api-1.7.36.jar;C:\Users\MarianaLozano\.m2\repository\bsf\bsf\2.4.0\bsf-2.4.0.jar;C:\Users\MarianaLozano\.m2\repository\commons-logging\commons-logging\1.0.4\commons-logging-1.0.4.jar;C:\Users\MarianaLozano\.m2\repository\com\fifesoft\rsyntaxtextarea\3.3.3\rsyntaxtextarea-3.3.3.jar;C:\Users\MarianaLozano\.m2\repository\net\sf\jtidy\jtidy\r938\jtidy-r938.jar;C:\Users\MarianaLozano\.m2\repository\com\thoughtworks\xstream\xstream\1.4.20\xstream-1.4.20.jar;C:\Users\MarianaLozano\.m2\repository\io\github\x-stream\mxparser\1.2.2\mxparser-1.2.2.jar;C:\Users\MarianaLozano\.m2\repository\xmlpull\xmlpull\1.1.3.1\xmlpull-1.1.3.1.jar;C:\Users\MarianaLozano\.m2\repository\org\apache\logging\log4j\log4j-1.2-api\2.20.0\log4j-1.2-api-2.20.0.jar;C:\Users\MarianaLozano\.m2\repository\org\apache\logging\log4j\log4j-api\2.20.0\log4j-api-2.20.0.jar;C:\Users\MarianaLozano\.m2\repository\org\apache\logging\log4j\log4j-slf4j-impl\2.20.0\log4j-slf4j-impl-2.20.0.jar;C:\Users\MarianaLozano\.m2\repository\org\apiguardian\apiguardian-api\1.1.2\apiguardian-api-1.1.2.jar;C:\Users\MarianaLozano\.m2\repository\oro\oro\2.0.8\oro-2.0.8.jar;C:\Users\MarianaLozano\.m2\repository\xalan\xalan\2.7.3\xalan-2.7.3.jar;C:\Users\MarianaLozano\.m2\repository\xalan\serializer\2.7.3\serializer-2.7.3.jar;C:\Users\MarianaLozano\.m2\repository\xml-apis\xml-apis\1.4.01\xml-apis-1.4.01.jar;C:\Users\MarianaLozano\.m2\repository\net\sf\saxon\Saxon-HE\11.5\Saxon-HE-11.5.jar;C:\Users\MarianaLozano\.m2\repository\org\xmlresolver\xmlresolver\4.6.4\xmlresolver-4.6.4.jar;C:\Users\MarianaLozano\.m2\repository\org\apache\httpcomponents\client5\httpclient5\5.1.3\httpclient5-5.1.3.jar;C:\Users\MarianaLozano\.m2\repository\org\apache\httpcomponents\core5\httpcore5-h2\5.1.3\httpcore5-h2-5.1.3.jar;C:\Users\MarianaLozano\.m2\repository\org\apache\httpcomponents\core5\httpcore5\5.1.3\httpcore5-5.1.3.jar;C:\Users\MarianaLozano\.m2\repository\org\xmlresolver\xmlresolver\4.6.4\xmlresolver-4.6.4-data.jar;C:\Users\MarianaLozano\.m2\repository\org\jetbrains\kotlin\kotlin-stdlib-jdk8\1.8.22\kotlin-stdlib-jdk8-1.8.22.jar;C:\Users\MarianaLozano\.m2\repository\org\jetbrains\kotlin\kotlin-stdlib\1.8.22\kotlin-stdlib-1.8.22.jar;C:\Users\MarianaLozano\.m2\repository\org\jetbrains\kotlin\kotlin-stdlib-jdk7\1.8.22\kotlin-stdlib-jdk7-1.8.22.jar;C:\Users\MarianaLozano\.m2\repository\com\google\auto\service\auto-service-annotations\1.1.1\auto-service-annotations-1.1.1.jar;C:\Users\MarianaLozano\.m2\repository\org\jetbrains\kotlinx\kotlinx-coroutines-core\1.7.1\kotlinx-coroutines-core-1.7.1.jar;C:\Users\MarianaLozano\.m2\repository\org\jetbrains\kotlinx\kotlinx-coroutines-core-jvm\1.7.1\kotlinx-coroutines-core-jvm-1.7.1.jar;C:\Users\MarianaLozano\.m2\repository\org\jetbrains\kotlinx\kotlinx-coroutines-swing\1.7.1\kotlinx-coroutines-swing-1.7.1.jar;C:\Users\MarianaLozano\.m2\repository\com\fasterxml\jackson\core\jackson-annotations\2.15.2\jackson-annotations-2.15.2.jar;C:\Users\MarianaLozano\.m2\repository\com\fasterxml\jackson\core\jackson-core\2.15.2\jackson-core-2.15.2.jar;C:\Users\MarianaLozano\.m2\repository\com\fasterxml\jackson\core\jackson-databind\2.15.2\jackson-databind-2.15.2.jar;C:\Users\MarianaLozano\.m2\repository\com\formdev\svgSalamander\1.1.4\svgSalamander-1.1.4.jar;C:\Users\MarianaLozano\.m2\repository\com\github\ben-manes\caffeine\caffeine\2.9.3\caffeine-2.9.3.jar;C:\Users\MarianaLozano\.m2\repository\org\checkerframework\checker-qual\3.19.0\checker-qual-3.19.0.jar;C:\Users\MarianaLozano\.m2\repository\com\google\errorprone\error_prone_annotations\2.10.0\error_prone_annotations-2.10.0.jar;C:\Users\MarianaLozano\.m2\repository\com\github\weisj\darklaf-core\2.7.3\darklaf-core-2.7.3.jar;C:\Users\MarianaLozano\.m2\repository\com\github\weisj\darklaf-utils\2.7.3\darklaf-utils-2.7.3.jar;C:\Users\MarianaLozano\.m2\repository\com\github\weisj\darklaf-native-utils\2.7.3\darklaf-native-utils-2.7.3.jar;C:\Users\MarianaLozano\.m2\repository\com\github\weisj\darklaf-platform-base\2.7.3\darklaf-platform-base-2.7.3.jar;C:\Users\MarianaLozano\.m2\repository\com\github\weisj\darklaf-windows\2.7.3\darklaf-windows-2.7.3.jar;C:\Users\MarianaLozano\.m2\repository\com\github\weisj\darklaf-macos\2.7.3\darklaf-macos-2.7.3.jar;C:\Users\MarianaLozano\.m2\repository\com\github\weisj\swing-extensions-laf-support\0.1.3\swing-extensions-laf-support-0.1.3.jar;C:\Users\MarianaLozano\.m2\repository\com\github\weisj\darklaf-theme\2.7.3\darklaf-theme-2.7.3.jar;C:\Users\MarianaLozano\.m2\repository\com\github\weisj\darklaf-property-loader\2.7.3\darklaf-property-loader-2.7.3.jar;C:\Users\MarianaLozano\.m2\repository\com\github\weisj\swing-extensions-visual-padding\0.1.3\swing-extensions-visual-padding-0.1.3.jar;C:\Users\MarianaLozano\.m2\repository\org\jetbrains\annotations\16.0.2\annotations-16.0.2.jar;C:\Users\MarianaLozano\.m2\repository\com\github\weisj\darklaf-extensions-rsyntaxarea\0.3.4\darklaf-extensions-rsyntaxarea-0.3.4.jar;C:\Users\MarianaLozano\.m2\repository\com\miglayout\miglayout-swing\5.3\miglayout-swing-5.3.jar;C:\Users\MarianaLozano\.m2\repository\com\miglayout\miglayout-core\5.3\miglayout-core-5.3.jar;C:\Users\MarianaLozano\.m2\repository\commons-codec\commons-codec\1.15\commons-codec-1.15.jar;C:\Users\MarianaLozano\.m2\repository\org\jetbrains\lets-plot\lets-plot-batik\3.2.0\lets-plot-batik-3.2.0.jar;C:\Users\MarianaLozano\.m2\repository\org\apache\xmlgraphics\batik-codec\1.16\batik-codec-1.16.jar;C:\Users\MarianaLozano\.m2\repository\org\apache\xmlgraphics\batik-awt-util\1.16\batik-awt-util-1.16.jar;C:\Users\MarianaLozano\.m2\repository\org\apache\xmlgraphics\batik-bridge\1.16\batik-bridge-1.16.jar;C:\Users\MarianaLozano\.m2\repository\org\apache\xmlgraphics\batik-anim\1.16\batik-anim-1.16.jar;C:\Users\MarianaLozano\.m2\repository\org\apache\xmlgraphics\batik-ext\1.16\batik-ext-1.16.jar;C:\Users\MarianaLozano\.m2\repository\org\apache\xmlgraphics\batik-css\1.16\batik-css-1.16.jar;C:\Users\MarianaLozano\.m2\repository\org\apache\xmlgraphics\batik-dom\1.16\batik-dom-1.16.jar;C:\Users\MarianaLozano\.m2\repository\org\apache\xmlgraphics\batik-gvt\1.16\batik-gvt-1.16.jar;C:\Users\MarianaLozano\.m2\repository\org\apache\xmlgraphics\batik-parser\1.16\batik-parser-1.16.jar;C:\Users\MarianaLozano\.m2\repository\org\apache\xmlgraphics\batik-script\1.16\batik-script-1.16.jar;C:\Users\MarianaLozano\.m2\repository\org\apache\xmlgraphics\batik-svg-dom\1.16\batik-svg-dom-1.16.jar;C:\Users\MarianaLozano\.m2\repository\org\apache\xmlgraphics\batik-xml\1.16\batik-xml-1.16.jar;C:\Users\MarianaLozano\.m2\repository\xml-apis\xml-apis-ext\1.3.04\xml-apis-ext-1.3.04.jar;C:\Users\MarianaLozano\.m2\repository\org\apache\xmlgraphics\batik-shared-resources\1.16\batik-shared-resources-1.16.jar;C:\Users\MarianaLozano\.m2\repository\org\apache\xmlgraphics\batik-transcoder\1.16\batik-transcoder-1.16.jar;C:\Users\MarianaLozano\.m2\repository\org\apache\xmlgraphics\batik-svggen\1.16\batik-svggen-1.16.jar;C:\Users\MarianaLozano\.m2\repository\org\apache\xmlgraphics\batik-util\1.16\batik-util-1.16.jar;C:\Users\MarianaLozano\.m2\repository\org\apache\xmlgraphics\batik-constants\1.16\batik-constants-1.16.jar;C:\Users\MarianaLozano\.m2\repository\org\apache\xmlgraphics\batik-i18n\1.16\batik-i18n-1.16.jar;C:\Users\MarianaLozano\.m2\repository\org\jetbrains\lets-plot\lets-plot-common\3.2.0\lets-plot-common-3.2.0.jar;C:\Users\MarianaLozano\.m2\repository\io\github\microutils\kotlin-logging\2.0.5\kotlin-logging-2.0.5.jar;C:\Users\MarianaLozano\.m2\repository\org\jetbrains\kotlinx\kotlinx-html-jvm\0.7.3\kotlinx-html-jvm-0.7.3.jar;C:\Users\MarianaLozano\.m2\repository\org\jetbrains\lets-plot\lets-plot-kotlin-jvm\4.4.1\lets-plot-kotlin-jvm-4.4.1.jar;C:\Users\MarianaLozano\.m2\repository\org\jetbrains\lets-plot\base-portable-jvm\3.2.0\base-portable-jvm-3.2.0.jar;C:\Users\MarianaLozano\.m2\repository\org\jetbrains\lets-plot\plot-base-portable-jvm\3.2.0\plot-base-portable-jvm-3.2.0.jar;C:\Users\MarianaLozano\.m2\repository\org\jetbrains\lets-plot\vis-svg-portable-jvm\3.2.0\vis-svg-portable-jvm-3.2.0.jar;C:\Users\MarianaLozano\.m2\repository\org\jetbrains\lets-plot\plot-common-portable-jvm\3.2.0\plot-common-portable-jvm-3.2.0.jar;C:\Users\MarianaLozano\.m2\repository\org\jetbrains\lets-plot\plot-builder-portable-jvm\3.2.0\plot-builder-portable-jvm-3.2.0.jar;C:\Users\MarianaLozano\.m2\repository\org\jetbrains\lets-plot\plot-config-portable-jvm\3.2.0\plot-config-portable-jvm-3.2.0.jar;C:\Users\MarianaLozano\.m2\repository\org\jetbrains\kotlin\kotlin-stdlib-common\1.7.21\kotlin-stdlib-common-1.7.21.jar;C:\Users\MarianaLozano\.m2\repository\io\github\microutils\kotlin-logging-jvm\2.0.5\kotlin-logging-jvm-2.0.5.jar;C:\Users\MarianaLozano\.m2\repository\org\apache\commons\commons-collections4\4.4\commons-collections4-4.4.jar;C:\Users\MarianaLozano\.m2\repository\org\apache\commons\commons-math3\3.6.1\commons-math3-3.6.1.jar;C:\Users\MarianaLozano\.m2\repository\org\apache\commons\commons-text\1.10.0\commons-text-1.10.0.jar;C:\Users\MarianaLozano\.m2\repository\org\apache\tika\tika-core\1.28.5\tika-core-1.28.5.jar;C:\Users\MarianaLozano\.m2\repository\org\apache\xmlgraphics\xmlgraphics-commons\2.8\xmlgraphics-commons-2.8.jar;C:\Users\MarianaLozano\.m2\repository\org\freemarker\freemarker\2.3.32\freemarker-2.3.32.jar;C:\Users\MarianaLozano\.m2\repository\org\jodd\jodd-core\5.0.13\jodd-core-5.0.13.jar;C:\Users\MarianaLozano\.m2\repository\org\jodd\jodd-props\5.0.13\jodd-props-5.0.13.jar;C:\Users\MarianaLozano\.m2\repository\org\mozilla\rhino\1.7.14\rhino-1.7.14.jar;C:\Users\MarianaLozano\.m2\repository\org\slf4j\jcl-over-slf4j\1.7.36\jcl-over-slf4j-1.7.36.jar;C:\Users\MarianaLozano\.m2\repository\org\codehaus\groovy\groovy\3.0.17\groovy-3.0.17.jar;C:\Users\MarianaLozano\.m2\repository\org\codehaus\groovy\groovy-dateutil\3.0.17\groovy-dateutil-3.0.17.jar;C:\Users\MarianaLozano\.m2\repository\org\codehaus\groovy\groovy-datetime\3.0.17\groovy-datetime-3.0.17.jar;C:\Users\MarianaLozano\.m2\repository\org\codehaus\groovy\groovy-jmx\3.0.17\groovy-jmx-3.0.17.jar;C:\Users\MarianaLozano\.m2\repository\org\codehaus\groovy\groovy-json\3.0.17\groovy-json-3.0.17.jar;C:\Users\MarianaLozano\.m2\repository\org\codehaus\groovy\groovy-jsr223\3.0.17\groovy-jsr223-3.0.17.jar;C:\Users\MarianaLozano\.m2\repository\org\codehaus\groovy\groovy-sql\3.0.17\groovy-sql-3.0.17.jar;C:\Users\MarianaLozano\.m2\repository\org\codehaus\groovy\groovy-templates\3.0.17\groovy-templates-3.0.17.jar;C:\Users\MarianaLozano\.m2\repository\org\codehaus\groovy\groovy-xml\3.0.17\groovy-xml-3.0.17.jar;C:\Users\MarianaLozano\.m2\repository\commons-collections\commons-collections\3.2.2\commons-collections-3.2.2.jar;C:\Users\MarianaLozano\.m2\repository\org\apache\tika\tika-parsers\1.28.5\tika-parsers-1.28.5.jar;C:\Users\MarianaLozano\.m2\repository\xerces\xercesImpl\2.12.2\xercesImpl-2.12.2.jar;C:\Users\MarianaLozano\.m2\repository\org\apache\jmeter\ApacheJMeter_java\5.6.2\ApacheJMeter_java-5.6.2.jar;C:\Users\MarianaLozano\.m2\repository\org\apache\commons\commons-lang3\3.12.0\commons-lang3-3.12.0.jar;C:\Users\MarianaLozano\.m2\repository\commons-io\commons-io\2.12.0\commons-io-2.12.0.jar;C:\Users\MarianaLozano\.m2\repository\org\apache\jmeter\ApacheJMeter_http\5.6.2\ApacheJMeter_http-5.6.2.jar;C:\Users\MarianaLozano\.m2\repository\org\apache\jmeter\ApacheJMeter_components\5.6.2\ApacheJMeter_components-5.6.2.jar;C:\Users\MarianaLozano\.m2\repository\org\apache-extras\beanshell\bsh\2.0b6\bsh-2.0b6.jar;C:\Users\MarianaLozano\.m2\repository\javax\mail\mail\1.5.0-b01\mail-1.5.0-b01.jar;C:\Users\MarianaLozano\.m2\repository\io\burt\jmespath-core\0.5.1\jmespath-core-0.5.1.jar;C:\Users\MarianaLozano\.m2\repository\io\burt\jmespath-jackson\0.5.1\jmespath-jackson-0.5.1.jar;C:\Users\MarianaLozano\.m2\repository\jcharts\jcharts\0.7.5\jcharts-0.7.5.jar;C:\Users\MarianaLozano\.m2\repository\net\minidev\json-smart\2.4.11\json-smart-2.4.11.jar;C:\Users\MarianaLozano\.m2\repository\net\minidev\accessors-smart\2.4.11\accessors-smart-2.4.11.jar;C:\Users\MarianaLozano\.m2\repository\org\apache\commons\commons-pool2\2.11.1\commons-pool2-2.11.1.jar;C:\Users\MarianaLozano\.m2\repository\org\ow2\asm\asm\9.5\asm-9.5.jar;C:\Users\MarianaLozano\.m2\repository\com\jayway\jsonpath\json-path\2.8.0\json-path-2.8.0.jar;C:\Users\MarianaLozano\.m2\repository\org\apache\httpcomponents\httpasyncclient\4.1.5\httpasyncclient-4.1.5.jar;C:\Users\MarianaLozano\.m2\repository\org\apache\httpcomponents\httpcore-nio\4.4.16\httpcore-nio-4.4.16.jar;C:\Users\MarianaLozano\.m2\repository\com\sun\activation\javax.activation\1.2.0\javax.activation-1.2.0.jar;C:\Users\MarianaLozano\.m2\repository\org\jodd\jodd-lagarto\5.0.13\jodd-lagarto-5.0.13.jar;C:\Users\MarianaLozano\.m2\repository\org\jodd\jodd-log\5.0.13\jodd-log-5.0.13.jar;C:\Users\MarianaLozano\.m2\repository\org\jsoup\jsoup\1.16.1\jsoup-1.16.1.jar;C:\Users\MarianaLozano\.m2\repository\commons-net\commons-net\3.9.0\commons-net-3.9.0.jar;C:\Users\MarianaLozano\.m2\repository\com\helger\commons\ph-commons\10.2.5\ph-commons-10.2.5.jar;C:\Users\MarianaLozano\.m2\repository\com\helger\ph-css\6.5.0\ph-css-6.5.0.jar;C:\Users\MarianaLozano\.m2\repository\dnsjava\dnsjava\2.1.9\dnsjava-2.1.9.jar;C:\Users\MarianaLozano\.m2\repository\org\apache\httpcomponents\httpmime\4.5.14\httpmime-4.5.14.jar;C:\Users\MarianaLozano\.m2\repository\org\apache\httpcomponents\httpclient\4.5.14\httpclient-4.5.14.jar;C:\Users\MarianaLozano\.m2\repository\org\apache\httpcomponents\httpcore\4.4.16\httpcore-4.4.16.jar;C:\Users\MarianaLozano\.m2\repository\org\brotli\dec\0.1.2\dec-0.1.2.jar;C:\Users\MarianaLozano\.m2\repository\org\apache\logging\log4j\log4j-core\2.17.2\log4j-core-2.17.2.jar;"/>
    <property name="sun.cpu.endian" value="little"/>
    <property name="user.home" value="C:\Users\MarianaLozano"/>
    <property name="user.language" value="en"/>
    <property name="java.specification.vendor" value="Oracle Corporation"/>
    <property name="java.home" value="C:\Program Files\Java\jdk1.8.0_202\jre"/>
    <property name="basedir" value="C:\Users\MarianaLozano\pruebas-srp"/>
    <property name="file.separator" value="\"/>
    <property name="line.separator" value="&#10;"/>
    <property name="java.vm.specification.vendor" value="Oracle Corporation"/>
    <property name="java.specification.name" value="Java Platform API Specification"/>
    <property name="java.awt.graphicsenv" value="sun.awt.Win32GraphicsEnvironment"/>
    <property name="surefire.real.class.path" value="C:\Users\MarianaLozano\AppData\Local\Temp\surefire4461638786991528874\surefirebooter-20241130144417146_3.jar"/>
    <property name="sun.boot.class.path" value="C:\Program Files\Java\jdk1.8.0_202\jre\lib\resources.jar;C:\Program Files\Java\jdk1.8.0_202\jre\lib\rt.jar;C:\Program Files\Java\jdk1.8.0_202\jre\lib\sunrsasign.jar;C:\Program Files\Java\jdk1.8.0_202\jre\lib\jsse.jar;C:\Program Files\Java\jdk1.8.0_202\jre\lib\jce.jar;C:\Program Files\Java\jdk1.8.0_202\jre\lib\charsets.jar;C:\Program Files\Java\jdk1.8.0_202\jre\lib\jfr.jar;C:\Program Files\Java\jdk1.8.0_202\jre\classes"/>
    <property name="user.script" value=""/>
    <property name="sun.management.compiler" value="HotSpot 64-Bit Tiered Compilers"/>
    <property name="java.runtime.version" value="1.8.0_202-b08"/>
    <property name="user.name" value="MarianaLozano"/>
    <property name="path.separator" value=";"/>
    <property name="os.version" value="10.0"/>
    <property name="java.endorsed.dirs" value="C:\Program Files\Java\jdk1.8.0_202\jre\lib\endorsed"/>
    <property name="java.runtime.name" value="Java(TM) SE Runtime Environment"/>
    <property name="file.encoding" value="Cp1252"/>
    <property name="java.vm.name" value="Java HotSpot(TM) 64-Bit Server VM"/>
    <property name="localRepository" value="C:\Users\MarianaLozano\.m2\repository"/>
    <property name="java.vendor.url.bug" value="http://bugreport.sun.com/bugreport/"/>
    <property name="java.io.tmpdir" value="C:\Users\MARIAN~1\AppData\Local\Temp\"/>
    <property name="java.version" value="1.8.0_202"/>
    <property name="user.dir" value="C:\Users\MarianaLozano\pruebas-srp"/>
    <property name="os.arch" value="amd64"/>
    <property name="java.vm.specification.name" value="Java Virtual Machine Specification"/>
    <property name="java.awt.printerjob" value="sun.awt.windows.WPrinterJob"/>
    <property name="sun.os.patch.level" value=""/>
    <property name="java.library.path" value="C:\Program Files\Java\jdk1.8.0_202\jre\bin;C:\WINDOWS\Sun\Java\bin;C:\WINDOWS\system32;C:\WINDOWS;C:\Users\MarianaLozano\AppData\Local\Programs\Python\Python312\Scripts\;C:\Users\MarianaLozano\AppData\Local\Programs\Python\Python312\;C:\Users\MarianaLozano\AppData\Local\Programs\Python\Launcher\;C:\Users\MarianaLozano\AppData\Local\Microsoft\WindowsApps;C:\Users\MarianaLozano\AppData\Local\Programs\Microsoft VS Code\bin;C:\Users\MarianaLozano\AppData\Roaming\npm;C:\Users\MarianaLozano\AppData\Local\Programs\apache-maven-3.9.9\bin;C:\Maven\bin;C:\Program Files\Java\jdk1.8.0_202\bin;C:\Users\MarianaLozano\AppData\Local\Programs\Python\Python312\Scripts\;C:\Users\MarianaLozano\AppData\Local\Programs\Python\Python312\;C:\Users\MarianaLozano\AppData\Local\Programs\Python\Launcher\;C:\Users\MarianaLozano\AppData\Local\Microsoft\WindowsApps;C:\Users\MarianaLozano\AppData\Local\Programs\Microsoft VS Code\bin;C:\Users\MarianaLozano\AppData\Roaming\npm;C:\Users\MarianaLozano\AppData\Local\Programs\apache-maven-3.9.9\bin;C:\Program Files\Java\jdk1.8.0_202\bin;;."/>
    <property name="java.vm.info" value="mixed mode"/>
    <property name="java.vendor" value="Oracle Corporation"/>
    <property name="java.vm.version" value="25.202-b08"/>
    <property name="java.ext.dirs" value="C:\Program Files\Java\jdk1.8.0_202\jre\lib\ext;C:\WINDOWS\Sun\Java\lib\ext"/>
    <property name="sun.io.unicode.encoding" value="UnicodeLittle"/>
    <property name="java.class.version" value="52.0"/>
  </properties>
  <testcase name="testApp" classname="com.lacteos.pruebas.AppTest" time="0.004"/>
</testsuite>